<?xml version="1.0" encoding="UTF-8"?>
<testsuite name="com.example.account.controller.AccountControllerTest" tests="5" skipped="0" failures="0" errors="0" timestamp="2024-09-22T13:01:26" hostname="DESKTOP-U2GMPJI" time="1.075">
  <properties/>
  <testcase name="successCreateAccount()" classname="com.example.account.controller.AccountControllerTest" time="0.885"/>
  <testcase name="successGetAccountByUserId()" classname="com.example.account.controller.AccountControllerTest" time="0.033"/>
  <testcase name="failGetAccount()" classname="com.example.account.controller.AccountControllerTest" time="0.043"/>
  <testcase name="successDeleteAccount()" classname="com.example.account.controller.AccountControllerTest" time="0.02"/>
  <testcase name="successGetAccount()" classname="com.example.account.controller.AccountControllerTest" time="0.09"/>
  <system-out><![CDATA[2024-09-22T22:01:24.967+09:00  INFO 14136 --- [    Test worker] t.c.s.AnnotationConfigContextLoaderUtils : Could not detect default configuration classes for test class [com.example.account.controller.AccountControllerTest]: AccountControllerTest does not declare any static, non-private, non-final, nested classes annotated with @Configuration.
2024-09-22T22:01:25.034+09:00  INFO 14136 --- [    Test worker] .b.t.c.SpringBootTestContextBootstrapper : Found @SpringBootConfiguration com.example.account.AccountApplication for test class com.example.account.controller.AccountControllerTest

  .   ____          _            __ _ _
 /\\ / ___'_ __ _ _(_)_ __  __ _ \ \ \ \
( ( )\___ | '_ | '_| | '_ \/ _` | \ \ \ \
 \\/  ___)| |_)| | | | | || (_| |  ) ) ) )
  '  |____| .__|_| |_|_| |_\__, | / / / /
 =========|_|==============|___/=/_/_/_/

 :: Spring Boot ::                (v3.3.4)

2024-09-22T22:01:25.252+09:00  INFO 14136 --- [    Test worker] c.e.a.controller.AccountControllerTest   : Starting AccountControllerTest using Java 17.0.12 with PID 14136 (started by DESKTOP in C:\Java_project\Account)
2024-09-22T22:01:25.253+09:00  INFO 14136 --- [    Test worker] c.e.a.controller.AccountControllerTest   : No active profile set, falling back to 1 default profile: "default"
2024-09-22T22:01:26.067+09:00  INFO 14136 --- [    Test worker] o.s.b.t.m.w.SpringBootMockServletContext : Initializing Spring TestDispatcherServlet ''
2024-09-22T22:01:26.068+09:00  INFO 14136 --- [    Test worker] o.s.t.web.servlet.TestDispatcherServlet  : Initializing Servlet ''
2024-09-22T22:01:26.071+09:00  INFO 14136 --- [    Test worker] o.s.t.web.servlet.TestDispatcherServlet  : Completed initialization in 1 ms
2024-09-22T22:01:26.082+09:00  INFO 14136 --- [    Test worker] c.e.a.controller.AccountControllerTest   : Started AccountControllerTest in 1.034 seconds (process running for 13.784)

MockHttpServletRequest:
      HTTP Method = POST
      Request URI = /account
       Parameters = {}
          Headers = [Content-Type:"application/json;charset=UTF-8", Content-Length:"33"]
             Body = {"userId":1,"initialBalance":100}
    Session Attrs = {}

Handler:
             Type = com.example.account.controller.AccountController
           Method = com.example.account.controller.AccountController#createAccount(Request)

Async:
    Async started = false
     Async result = null

Resolved Exception:
             Type = null

ModelAndView:
        View name = null
             View = null
            Model = null

FlashMap:
       Attributes = null

MockHttpServletResponse:
           Status = 200
    Error message = null
          Headers = [Content-Type:"application/json"]
     Content type = application/json
             Body = {"userId":1,"accountNumber":"1234567890","registeredAt":"2024-09-22T22:01:26.1491894"}
    Forwarded URL = null
   Redirected URL = null
          Cookies = []

MockHttpServletRequest:
      HTTP Method = GET
      Request URI = /account
       Parameters = {user_id=[1]}
          Headers = []
             Body = null
    Session Attrs = {}

Handler:
             Type = com.example.account.controller.AccountController
           Method = com.example.account.controller.AccountController#getAccountsByUserId(Long)

Async:
    Async started = false
     Async result = null

Resolved Exception:
             Type = null

ModelAndView:
        View name = null
             View = null
            Model = null

FlashMap:
       Attributes = null

MockHttpServletResponse:
           Status = 200
    Error message = null
          Headers = [Content-Type:"application/json"]
     Content type = application/json
             Body = [{"accountNumber":"1234567890","balance":1000},{"accountNumber":"1111111111","balance":2000},{"accountNumber":"2222222222","balance":3000}]
    Forwarded URL = null
   Redirected URL = null
          Cookies = []
2024-09-22T22:01:27.035+09:00 ERROR 14136 --- [    Test worker] c.e.a.exception.GlobalExceptionHandler   : null is occurred.

MockHttpServletRequest:
      HTTP Method = GET
      Request URI = /account/876
       Parameters = {}
          Headers = []
             Body = null
    Session Attrs = {}

Handler:
             Type = com.example.account.controller.AccountController
           Method = com.example.account.controller.AccountController#getAccount(Long)

Async:
    Async started = false
     Async result = null

Resolved Exception:
             Type = com.example.account.exception.AccountException

ModelAndView:
        View name = null
             View = null
            Model = null

FlashMap:
       Attributes = null

MockHttpServletResponse:
           Status = 200
    Error message = null
          Headers = [Content-Type:"application/json"]
     Content type = application/json
             Body = {"errorCode":"ACCOUNT_NOT_FOUND","errorMessage":"계좌가 없습니다."}
    Forwarded URL = null
   Redirected URL = null
          Cookies = []

MockHttpServletRequest:
      HTTP Method = DELETE
      Request URI = /account
       Parameters = {}
          Headers = [Content-Type:"application/json;charset=UTF-8", Content-Length:"44"]
             Body = {"userId":3333,"accountNumber":"1111111111"}
    Session Attrs = {}

Handler:
             Type = com.example.account.controller.AccountController
           Method = com.example.account.controller.AccountController#deleteAccount(Request)

Async:
    Async started = false
     Async result = null

Resolved Exception:
             Type = null

ModelAndView:
        View name = null
             View = null
            Model = null

FlashMap:
       Attributes = null

MockHttpServletResponse:
           Status = 200
    Error message = null
          Headers = [Content-Type:"application/json"]
     Content type = application/json
             Body = {"userId":1,"accountNumber":"1234567890","unRegisteredAt":"2024-09-22T22:01:27.0687308"}
    Forwarded URL = null
   Redirected URL = null
          Cookies = []

MockHttpServletRequest:
      HTTP Method = GET
      Request URI = /account/876
       Parameters = {}
          Headers = []
             Body = null
    Session Attrs = {}

Handler:
             Type = com.example.account.controller.AccountController
           Method = com.example.account.controller.AccountController#getAccount(Long)

Async:
    Async started = false
     Async result = null

Resolved Exception:
             Type = null

ModelAndView:
        View name = null
             View = null
            Model = null

FlashMap:
       Attributes = null

MockHttpServletResponse:
           Status = 200
    Error message = null
          Headers = [Content-Type:"application/json"]
     Content type = application/json
             Body = {"id":null,"createdAt":null,"updatedAt":null,"accountUser":null,"accountNumber":"3456","accountStatus":"IN_USE","balance":null,"registeredAt":null,"unRegisteredAt":null}
    Forwarded URL = null
   Redirected URL = null
          Cookies = []
]]></system-out>
  <system-err><![CDATA[]]></system-err>
</testsuite>
