<?xml version="1.0" encoding="UTF-8"?>
<testsuite name="com.example.account.service.LockAopAspectTest" tests="2" skipped="0" failures="0" errors="0" timestamp="2024-09-22T13:01:31" hostname="DESKTOP-U2GMPJI" time="0.101">
  <properties/>
  <testcase name="lockAndUnLockEvenIfThrow()" classname="com.example.account.service.LockAopAspectTest" time="0.099"/>
  <testcase name="lockAndUnLock()" classname="com.example.account.service.LockAopAspectTest" time="0.001"/>
  <system-out><![CDATA[]]></system-out>
  <system-err><![CDATA[]]></system-err>
</testsuite>
